Determining if the pthread_create exist failed with the following output:
Change Dir: /home/huy/catkin_ws/build/CMakeFiles/CMakeTmp

Run Build Command:"/usr/bin/make" "cmTC_6bd5b/fast"
/usr/bin/make -f CMakeFiles/cmTC_6bd5b.dir/build.make CMakeFiles/cmTC_6bd5b.dir/build
make[1]: Entering directory '/home/huy/catkin_ws/build/CMakeFiles/CMakeTmp'
Building C object CMakeFiles/cmTC_6bd5b.dir/CheckSymbolExists.c.o
/usr/bin/cc    -o CMakeFiles/cmTC_6bd5b.dir/CheckSymbolExists.c.o   -c /home/huy/catkin_ws/build/CMakeFiles/CMakeTmp/CheckSymbolExists.c
Linking C executable cmTC_6bd5b
/usr/bin/cmake -E cmake_link_script CMakeFiles/cmTC_6bd5b.dir/link.txt --verbose=1
/usr/bin/cc      -rdynamic CMakeFiles/cmTC_6bd5b.dir/CheckSymbolExists.c.o  -o cmTC_6bd5b 
CMakeFiles/cmTC_6bd5b.dir/CheckSymbolExists.c.o: In function `main':
CheckSymbolExists.c:(.text+0x14): undefined reference to `pthread_create'
CheckSymbolExists.c:(.text+0x18): undefined reference to `pthread_create'
collect2: error: ld returned 1 exit status
CMakeFiles/cmTC_6bd5b.dir/build.make:97: recipe for target 'cmTC_6bd5b' failed
make[1]: *** [cmTC_6bd5b] Error 1
make[1]: Leaving directory '/home/huy/catkin_ws/build/CMakeFiles/CMakeTmp'
Makefile:126: recipe for target 'cmTC_6bd5b/fast' failed
make: *** [cmTC_6bd5b/fast] Error 2

File /home/huy/catkin_ws/build/CMakeFiles/CMakeTmp/CheckSymbolExists.c:
/* */
#include <pthread.h>

int main(int argc, char** argv)
{
  (void)argv;
#ifndef pthread_create
  return ((int*)(&pthread_create))[argc];
#else
  (void)argc;
  return 0;
#endif
}

Determining if the function pthread_create exists in the pthreads failed with the following output:
Change Dir: /home/huy/catkin_ws/build/CMakeFiles/CMakeTmp

Run Build Command:"/usr/bin/make" "cmTC_0e97c/fast"
/usr/bin/make -f CMakeFiles/cmTC_0e97c.dir/build.make CMakeFiles/cmTC_0e97c.dir/build
make[1]: Entering directory '/home/huy/catkin_ws/build/CMakeFiles/CMakeTmp'
Building C object CMakeFiles/cmTC_0e97c.dir/CheckFunctionExists.c.o
/usr/bin/cc   -DCHECK_FUNCTION_EXISTS=pthread_create   -o CMakeFiles/cmTC_0e97c.dir/CheckFunctionExists.c.o   -c /usr/share/cmake-3.10/Modules/CheckFunctionExists.c
Linking C executable cmTC_0e97c
/usr/bin/cmake -E cmake_link_script CMakeFiles/cmTC_0e97c.dir/link.txt --verbose=1
/usr/bin/cc  -DCHECK_FUNCTION_EXISTS=pthread_create    -rdynamic CMakeFiles/cmTC_0e97c.dir/CheckFunctionExists.c.o  -o cmTC_0e97c -lpthreads 
/usr/bin/ld: cannot find -lpthreads
collect2: error: ld returned 1 exit status
CMakeFiles/cmTC_0e97c.dir/build.make:97: recipe for target 'cmTC_0e97c' failed
make[1]: *** [cmTC_0e97c] Error 1
make[1]: Leaving directory '/home/huy/catkin_ws/build/CMakeFiles/CMakeTmp'
Makefile:126: recipe for target 'cmTC_0e97c/fast' failed
make: *** [cmTC_0e97c/fast] Error 2


